<?xml version="1.0" encoding="UTF-8"?>
<!-- Generated by org.testng.reporters.JUnitReportReporter -->
<testsuite hostname="CHETUIWK0525" failures="0" tests="1" name="testClasses.G_CustomerTabEditCustomerTest" time="22.890" errors="0" timestamp="2023-11-24T22:00:24 IST" skipped="0">
  <testcase classname="testClasses.G_CustomerTabEditCustomerTest" name="editCustomer" time="22.890"/>
  <system-out/>
</testsuite> <!-- testClasses.G_CustomerTabEditCustomerTest -->
