<?xml version="1.0" encoding="UTF-8"?>
<!-- Generated by org.testng.reporters.JUnitReportReporter -->
<testsuite hostname="CHETUIWK0525" failures="0" tests="1" name="testClasses.P_AccountingPriceChangeReportTest" time="16.007" errors="0" timestamp="2023-11-22T22:08:20 IST" skipped="0">
  <testcase classname="testClasses.P_AccountingPriceChangeReportTest" name="priceChangeReport" time="16.007"/>
  <system-out/>
</testsuite> <!-- testClasses.P_AccountingPriceChangeReportTest -->
