<?xml version="1.0" encoding="UTF-8"?>
<!-- Generated by org.testng.reporters.JUnitReportReporter -->
<testsuite hostname="CHETUIWK0525" failures="0" tests="1" name="testClasses.O_AccountingInventoryAnalysisTest" time="28.802" errors="0" timestamp="2023-11-15T16:07:43 IST" skipped="0">
  <testcase classname="testClasses.O_AccountingInventoryAnalysisTest" name="inventoryAnalysisReport" time="28.802"/>
  <system-out/>
</testsuite> <!-- testClasses.O_AccountingInventoryAnalysisTest -->
