<?xml version="1.0" encoding="UTF-8"?>
<!-- Generated by org.testng.reporters.JUnitReportReporter -->
<testsuite hostname="CHETUIWK0525" failures="0" tests="1" name="testClasses.OrderProcess" time="52.568" errors="0" timestamp="2023-10-11T16:25:07 IST" skipped="0">
  <testcase classname="testClasses.OrderProcess" name="buildOrders" time="52.568"/>
  <system-out/>
</testsuite> <!-- testClasses.OrderProcess -->
