<?xml version="1.0" encoding="UTF-8"?>
<!-- Generated by org.testng.reporters.JUnitReportReporter -->
<testsuite hostname="CHETUIWK0525" failures="0" tests="1" name="testClasses.I_PosOrderTest" time="41.805" errors="0" timestamp="2023-11-24T21:47:22 IST" skipped="0">
  <testcase classname="testClasses.I_PosOrderTest" name="posOrder" time="41.805"/>
  <system-out/>
</testsuite> <!-- testClasses.I_PosOrderTest -->
