<?xml version="1.0" encoding="UTF-8"?>
<!-- Generated by org.testng.reporters.JUnitReportReporter -->
<testsuite hostname="CHETUIWK0525" failures="0" tests="1" name="testClasses.K_AccountingAccountPayableTest" time="46.631" errors="0" timestamp="2023-11-22T22:13:02 IST" skipped="0">
  <testcase classname="testClasses.K_AccountingAccountPayableTest" name="accountPayableReport" time="46.631"/>
  <system-out/>
</testsuite> <!-- testClasses.K_AccountingAccountPayableTest -->
