<?xml version="1.0" encoding="UTF-8"?>
<!-- Generated by org.testng.reporters.JUnitReportReporter -->
<testsuite hostname="CHETUIWK0525" failures="0" tests="1" name="testClasses.H_AccountingAccountPayableTest" time="17.754" errors="0" timestamp="2023-11-14T19:19:38 IST" skipped="0">
  <testcase classname="testClasses.H_AccountingAccountPayableTest" name="accountPayableReport" time="17.754"/>
  <system-out/>
</testsuite> <!-- testClasses.H_AccountingAccountPayableTest -->
