<?xml version="1.0" encoding="UTF-8"?>
<!-- Generated by org.testng.reporters.JUnitReportReporter -->
<testsuite hostname="CHETUIWK0525" failures="0" tests="1" name="testClasses.N_AccountingTransactionReportTest" time="24.420" errors="0" timestamp="2023-11-27T18:41:34 IST" skipped="0">
  <testcase classname="testClasses.N_AccountingTransactionReportTest" name="transactionReport" time="24.420"/>
  <system-out/>
</testsuite> <!-- testClasses.N_AccountingTransactionReportTest -->
