<?xml version="1.0" encoding="UTF-8"?>
<!-- Generated by org.testng.reporters.JUnitReportReporter -->
<testsuite hostname="CHETUIWK0525" failures="0" tests="1" name="testClasses.C_AddNewCategoryTest" time="15.794" errors="0" timestamp="2023-11-24T23:34:00 IST" skipped="0">
  <testcase classname="testClasses.C_AddNewCategoryTest" name="addNewCategory" time="15.794"/>
  <system-out/>
</testsuite> <!-- testClasses.C_AddNewCategoryTest -->
