<?xml version="1.0" encoding="UTF-8"?>
<!-- Generated by org.testng.reporters.JUnitReportReporter -->
<testsuite hostname="CHETUIWK0525" failures="0" tests="1" name="testClasses.Login" time="19.912" errors="0" timestamp="2023-10-23T19:24:27 IST" skipped="0">
  <testcase classname="testClasses.Login" name="login" time="19.912"/>
  <system-out/>
</testsuite> <!-- testClasses.Login -->
