<?xml version="1.0" encoding="UTF-8"?>
<!-- Generated by org.testng.reporters.JUnitReportReporter -->
<testsuite hostname="CHETUIWK0525" failures="0" tests="1" name="testClasses.Registration$RegistraionTest" time="19.506" errors="0" timestamp="2023-10-04T19:52:26 IST" skipped="0">
  <testcase classname="testClasses.Registration$RegistraionTest" name="registration" time="19.506"/>
  <system-out/>
</testsuite> <!-- testClasses.Registration$RegistraionTest -->
