<?xml version="1.0" encoding="UTF-8"?>
<!-- Generated by org.testng.reporters.JUnitReportReporter -->
<testsuite hostname="CHETUIWK0525" failures="0" tests="1" name="testClasses.E_AddNewProductTest" time="23.773" errors="0" timestamp="2023-11-24T22:07:03 IST" skipped="0">
  <testcase classname="testClasses.E_AddNewProductTest" name="addNewProduct" time="23.773"/>
  <system-out/>
</testsuite> <!-- testClasses.E_AddNewProductTest -->
