<?xml version="1.0" encoding="UTF-8"?>
<!-- Generated by org.testng.reporters.JUnitReportReporter -->
<testsuite hostname="CHETUIWK0525" failures="0" tests="1" name="testClasses.H_OrderProcessTest" time="71.827" errors="0" timestamp="2023-11-24T21:52:00 IST" skipped="0">
  <testcase classname="testClasses.H_OrderProcessTest" name="buildOrders" time="71.827"/>
  <system-out/>
</testsuite> <!-- testClasses.H_OrderProcessTest -->
