<?xml version="1.0" encoding="UTF-8"?>
<!-- Generated by org.testng.reporters.JUnitReportReporter -->
<testsuite hostname="CHETUIWK0525" failures="0" tests="1" name="testClasses.F_CustomerTabAddCustomerTest" time="28.194" errors="0" timestamp="2023-11-27T18:22:36 IST" skipped="0">
  <testcase classname="testClasses.F_CustomerTabAddCustomerTest" name="addCustomer" time="28.194"/>
  <system-out/>
</testsuite> <!-- testClasses.F_CustomerTabAddCustomerTest -->
