<?xml version="1.0" encoding="UTF-8"?>
<!-- Generated by org.testng.reporters.JUnitReportReporter -->
<testsuite hostname="CHETUIWK0525" failures="0" tests="1" name="testClasses.L_AccountPayableApAgingTest" time="10.963" errors="0" timestamp="2023-11-22T22:14:27 IST" skipped="0">
  <testcase classname="testClasses.L_AccountPayableApAgingTest" name="agAgingTab" time="10.963"/>
  <system-out/>
</testsuite> <!-- testClasses.L_AccountPayableApAgingTest -->
