<?xml version="1.0" encoding="UTF-8"?>
<!-- Generated by org.testng.reporters.JUnitReportReporter -->
<testsuite hostname="CHETUIWK0525" failures="0" tests="1" name="testClasses.M_AccountingARTest" time="15.801" errors="0" timestamp="2023-11-22T22:16:21 IST" skipped="0">
  <testcase classname="testClasses.M_AccountingARTest" name="accountReceivableReport" time="15.801"/>
  <system-out/>
</testsuite> <!-- testClasses.M_AccountingARTest -->
